Building DAG of jobs...
Using shell: /usr/bin/bash
Provided cores: 4
Rules claiming more threads will be scaled down.
Job counts:
	count	jobs
	1	all
	1	final_filtering
	1	pick_variants
	3

[Wed Dec  3 14:57:23 2025]
rule pick_variants:
    input: /grid/siepel/home/khalid/argsortium-outputs/2025_11_27/HomSap_OutOfAfrica_3G09/YRI_0_CEU_0_CHB_15/chr11_116827019_117727019_sim_seed1.mutated.no_multiallelics.afreq
    output: /grid/siepel/home/khalid/argsortium-outputs/2025_11_27/HomSap_OutOfAfrica_3G09/YRI_0_CEU_0_CHB_15/chr11_116827019_117727019_sim_seed1.mutated.no_multiallelics.var_incl.list
    jobid: 2
    wildcards: output_dir=/grid/siepel/home/khalid/argsortium-outputs/2025_11_27/HomSap_OutOfAfrica_3G09/YRI_0_CEU_0_CHB_15, vcf=chr11_116827019_117727019_sim_seed1.mutated

[Wed Dec  3 14:57:27 2025]
Finished job 2.
1 of 3 steps (33%) done

[Wed Dec  3 14:57:27 2025]
rule final_filtering:
    input: /grid/siepel/home/khalid/argsortium-outputs/2025_11_27/HomSap_OutOfAfrica_3G09/YRI_0_CEU_0_CHB_15/chr11_116827019_117727019_sim_seed1.mutated.no_multiallelics.var_incl.list, /grid/siepel/home/khalid/argsortium-outputs/2025_11_27/HomSap_OutOfAfrica_3G09/YRI_0_CEU_0_CHB_15/chr11_116827019_117727019_sim_seed1.mutated.no_multiallelics.vcf.gz
    output: /grid/siepel/home/khalid/argsortium-outputs/2025_11_27/HomSap_OutOfAfrica_3G09/YRI_0_CEU_0_CHB_15/chr11_116827019_117727019_sim_seed1.mutated.no_multiallelics.filtered.vcf.gz
    jobid: 1
    wildcards: output_dir=/grid/siepel/home/khalid/argsortium-outputs/2025_11_27/HomSap_OutOfAfrica_3G09/YRI_0_CEU_0_CHB_15, vcf=chr11_116827019_117727019_sim_seed1.mutated

Terminating processes on user request, this might take some time.
Complete log: /grid/siepel/home/khalid/argsortium-inference/preprocessing/.snakemake/log/2025-12-03T145723.910997.snakemake.log
