Building DAG of jobs...
Using shell: /usr/bin/bash
Provided cores: 4
Rules claiming more threads will be scaled down.
Job counts:
	count	jobs
	1	all
	1	calculate_frequency
	1	final_filtering
	1	normalize_vcf
	1	pick_variants
	5

[Wed Dec  3 14:53:45 2025]
rule normalize_vcf:
    input: /grid/siepel/home/khalid/argsortium-outputs/2025_11_27/HomSap_OutOfAfrica_3G09/YRI_0_CEU_0_CHB_15/chr11_116827019_117727019_sim_seed1.mutated.vcf.gz
    output: /grid/siepel/home/khalid/argsortium-outputs/2025_11_27/HomSap_OutOfAfrica_3G09/YRI_0_CEU_0_CHB_15/chr11_116827019_117727019_sim_seed1.mutated.no_multiallelics.vcf.gz
    jobid: 3
    wildcards: output_dir=/grid/siepel/home/khalid/argsortium-outputs/2025_11_27/HomSap_OutOfAfrica_3G09/YRI_0_CEU_0_CHB_15, vcf=chr11_116827019_117727019_sim_seed1.mutated

[Wed Dec  3 14:53:46 2025]
Finished job 3.
1 of 5 steps (20%) done

[Wed Dec  3 14:53:46 2025]
rule calculate_frequency:
    input: /grid/siepel/home/khalid/argsortium-outputs/2025_11_27/HomSap_OutOfAfrica_3G09/YRI_0_CEU_0_CHB_15/chr11_116827019_117727019_sim_seed1.mutated.no_multiallelics.vcf.gz
    output: /grid/siepel/home/khalid/argsortium-outputs/2025_11_27/HomSap_OutOfAfrica_3G09/YRI_0_CEU_0_CHB_15/chr11_116827019_117727019_sim_seed1.mutated.no_multiallelics.afreq
    jobid: 4
    wildcards: output_dir=/grid/siepel/home/khalid/argsortium-outputs/2025_11_27/HomSap_OutOfAfrica_3G09/YRI_0_CEU_0_CHB_15, vcf=chr11_116827019_117727019_sim_seed1.mutated

[Wed Dec  3 14:53:46 2025]
Finished job 4.
2 of 5 steps (40%) done

[Wed Dec  3 14:53:46 2025]
rule pick_variants:
    input: /grid/siepel/home/khalid/argsortium-outputs/2025_11_27/HomSap_OutOfAfrica_3G09/YRI_0_CEU_0_CHB_15/chr11_116827019_117727019_sim_seed1.mutated.no_multiallelics.afreq
    output: /grid/siepel/home/khalid/argsortium-outputs/2025_11_27/HomSap_OutOfAfrica_3G09/YRI_0_CEU_0_CHB_15/chr11_116827019_117727019_sim_seed1.mutated.no_multiallelics.var_incl.list
    jobid: 2
    wildcards: output_dir=/grid/siepel/home/khalid/argsortium-outputs/2025_11_27/HomSap_OutOfAfrica_3G09/YRI_0_CEU_0_CHB_15, vcf=chr11_116827019_117727019_sim_seed1.mutated

Shutting down, this might take some time.
Exiting because a job execution failed. Look above for error message
Complete log: /grid/siepel/home/khalid/argsortium-inference/preprocessing/.snakemake/log/2025-12-03T145345.252594.snakemake.log
