Building DAG of jobs...
Relative file path './preprocessed_vcfs/HERC5_locus_YRI_100_CHB_250.OutOfAfrica_3G09.no_multiallelics.freq' starts with './'. This is redundant and strongly discouraged. It can also lead to inconsistent results of the file-matching approach used by Snakemake. You can simply omit the './' for relative file paths.
Relative file path './preprocessed_vcfs/HERC5_locus_YRI_100_CHB_250.OutOfAfrica_3G09.no_multiallelics.vcf' starts with './'. This is redundant and strongly discouraged. It can also lead to inconsistent results of the file-matching approach used by Snakemake. You can simply omit the './' for relative file paths.
Relative file path './preprocessed_vcfs/HERC5_locus_YRI_100_CHB_250.OutOfAfrica_3G09.no_multiallelics.freq' starts with './'. This is redundant and strongly discouraged. It can also lead to inconsistent results of the file-matching approach used by Snakemake. You can simply omit the './' for relative file paths.
Relative file path './preprocessed_vcfs/HERC5_locus_YRI_100_CHB_250.OutOfAfrica_3G09.no_multiallelics.vcf' starts with './'. This is redundant and strongly discouraged. It can also lead to inconsistent results of the file-matching approach used by Snakemake. You can simply omit the './' for relative file paths.
Using shell: /usr/bin/bash
Provided cores: 4
Rules claiming more threads will be scaled down.
Job counts:
	count	jobs
	1	all
	1	calculate_frequency
	1	normalize_vcf
	3

[Thu Nov 20 09:12:25 2025]
rule normalize_vcf:
    input: HERC5_locus_YRI_100_CHB_250.OutOfAfrica_3G09.vcf
    output: ./preprocessed_vcfs/HERC5_locus_YRI_100_CHB_250.OutOfAfrica_3G09.no_multiallelics.vcf
    jobid: 2

[Thu Nov 20 09:12:28 2025]
Finished job 2.
1 of 3 steps (33%) done

[Thu Nov 20 09:12:28 2025]
rule calculate_frequency:
    input: ./preprocessed_vcfs/HERC5_locus_YRI_100_CHB_250.OutOfAfrica_3G09.no_multiallelics.vcf
    output: ./preprocessed_vcfs/HERC5_locus_YRI_100_CHB_250.OutOfAfrica_3G09.no_multiallelics.freq
    jobid: 1


        plink2 --vcf ./preprocessed_vcfs/HERC5_locus_YRI_100_CHB_250.OutOfAfrica_3G09.no_multiallelics.vcf                --snps-only                --set-all-var-ids @:#:$r:$a                --freq                --out ./preprocessed_vcfs/HERC5_locus_YRI_100_CHB_250.OutOfAfrica_3G09.no_multiallelics
        
Activating singularity image /grid/siepel/home/khalid/argsortium-inference/container/arg_inference_tools.sif
[Thu Nov 20 09:12:29 2025]
Error in rule calculate_frequency:
    jobid: 1
    output: ./preprocessed_vcfs/HERC5_locus_YRI_100_CHB_250.OutOfAfrica_3G09.no_multiallelics.freq
    shell:
        
        plink2 --vcf ./preprocessed_vcfs/HERC5_locus_YRI_100_CHB_250.OutOfAfrica_3G09.no_multiallelics.vcf                --snps-only                --set-all-var-ids @:#:$r:$a                --freq                --out ./preprocessed_vcfs/HERC5_locus_YRI_100_CHB_250.OutOfAfrica_3G09.no_multiallelics
        
        (one of the commands exited with non-zero exit code; note that snakemake uses bash strict mode!)

Shutting down, this might take some time.
Exiting because a job execution failed. Look above for error message
Complete log: /grid/siepel/home/khalid/argsortium-inference/preprocessing/.snakemake/log/2025-11-20T091225.596924.snakemake.log
