Building DAG of jobs...
Using shell: /usr/bin/bash
Provided cores: 4
Rules claiming more threads will be scaled down.
Job counts:
	count	jobs
	1	all
	1	final_filtering
	1	pick_variants
	3

[Tue Dec  2 10:49:36 2025]
rule pick_variants:
    input: /grid/siepel/home/khalid/argsortium-outputs/2025_11_27/HomSap_OutOfAfrica_3G09/YRI_0_CEU_0_CHB_15/chr11_116827019_117727019_sim_seed1.mutated.no_multiallelics.afreq
    output: /grid/siepel/home/khalid/argsortium-outputs/2025_11_27/HomSap_OutOfAfrica_3G09/YRI_0_CEU_0_CHB_15/chr11_116827019_117727019_sim_seed1.mutated.no_multiallelics.var_incl.list
    jobid: 2
    wildcards: output_dir=/grid/siepel/home/khalid/argsortium-outputs/2025_11_27/HomSap_OutOfAfrica_3G09/YRI_0_CEU_0_CHB_15, vcf=chr11_116827019_117727019_sim_seed1.mutated

Activating singularity image ../shared/container/arg_inference_tools.sif
[Tue Dec  2 10:49:37 2025]
Error in rule pick_variants:
    jobid: 2
    output: /grid/siepel/home/khalid/argsortium-outputs/2025_11_27/HomSap_OutOfAfrica_3G09/YRI_0_CEU_0_CHB_15/chr11_116827019_117727019_sim_seed1.mutated.no_multiallelics.var_incl.list
    shell:
        
        python ./scripts/variant_selector.py             /grid/siepel/home/khalid/argsortium-outputs/2025_11_27/HomSap_OutOfAfrica_3G09/YRI_0_CEU_0_CHB_15/chr11_116827019_117727019_sim_seed1.mutated.no_multiallelics.afreq             /grid/siepel/home/khalid/argsortium-outputs/2025_11_27/HomSap_OutOfAfrica_3G09/YRI_0_CEU_0_CHB_15/chr11_116827019_117727019_sim_seed1.mutated.no_multiallelics.var_incl.list             --exclusion_list _NA
        
        (one of the commands exited with non-zero exit code; note that snakemake uses bash strict mode!)

Shutting down, this might take some time.
Exiting because a job execution failed. Look above for error message
Complete log: /grid/siepel/home/khalid/argsortium-inference/preprocessing/.snakemake/log/2025-12-02T104935.941389.snakemake.log
