Building DAG of jobs...
Using shell: /usr/bin/bash
Provided cores: 4
Rules claiming more threads will be scaled down.
Job counts:
	count	jobs
	1	all
	1	calculate_frequency
	1	final_filtering
	1	normalize_vcf
	1	pick_variants
	5

[Tue Dec  2 11:39:39 2025]
rule normalize_vcf:
    input: /grid/siepel/home/khalid/argsortium-outputs/2025_11_27/HomSap_OutOfAfrica_3G09/YRI_0_CEU_0_CHB_15/chr11_116827019_117727019_sim_seed1.mutated.vcf.gz
    output: /grid/siepel/home/khalid/argsortium-outputs/2025_11_27/HomSap_OutOfAfrica_3G09/YRI_0_CEU_0_CHB_15/chr11_116827019_117727019_sim_seed1.mutated.no_multiallelics.vcf.gz
    jobid: 3
    wildcards: output_dir=/grid/siepel/home/khalid/argsortium-outputs/2025_11_27/HomSap_OutOfAfrica_3G09/YRI_0_CEU_0_CHB_15, vcf=chr11_116827019_117727019_sim_seed1.mutated

[Tue Dec  2 11:39:39 2025]
Finished job 3.
1 of 5 steps (20%) done

[Tue Dec  2 11:39:39 2025]
rule calculate_frequency:
    input: /grid/siepel/home/khalid/argsortium-outputs/2025_11_27/HomSap_OutOfAfrica_3G09/YRI_0_CEU_0_CHB_15/chr11_116827019_117727019_sim_seed1.mutated.no_multiallelics.vcf.gz
    output: /grid/siepel/home/khalid/argsortium-outputs/2025_11_27/HomSap_OutOfAfrica_3G09/YRI_0_CEU_0_CHB_15/chr11_116827019_117727019_sim_seed1.mutated.no_multiallelics.afreq
    jobid: 4
    wildcards: output_dir=/grid/siepel/home/khalid/argsortium-outputs/2025_11_27/HomSap_OutOfAfrica_3G09/YRI_0_CEU_0_CHB_15, vcf=chr11_116827019_117727019_sim_seed1.mutated

[Tue Dec  2 11:39:40 2025]
Finished job 4.
2 of 5 steps (40%) done

[Tue Dec  2 11:39:40 2025]
rule pick_variants:
    input: /grid/siepel/home/khalid/argsortium-outputs/2025_11_27/HomSap_OutOfAfrica_3G09/YRI_0_CEU_0_CHB_15/chr11_116827019_117727019_sim_seed1.mutated.no_multiallelics.afreq
    output: /grid/siepel/home/khalid/argsortium-outputs/2025_11_27/HomSap_OutOfAfrica_3G09/YRI_0_CEU_0_CHB_15/chr11_116827019_117727019_sim_seed1.mutated.no_multiallelics.var_incl.list
    jobid: 2
    wildcards: output_dir=/grid/siepel/home/khalid/argsortium-outputs/2025_11_27/HomSap_OutOfAfrica_3G09/YRI_0_CEU_0_CHB_15, vcf=chr11_116827019_117727019_sim_seed1.mutated


        python ./scripts/variant_selector.py             /grid/siepel/home/khalid/argsortium-outputs/2025_11_27/HomSap_OutOfAfrica_3G09/YRI_0_CEU_0_CHB_15/chr11_116827019_117727019_sim_seed1.mutated.no_multiallelics.afreq             /grid/siepel/home/khalid/argsortium-outputs/2025_11_27/HomSap_OutOfAfrica_3G09/YRI_0_CEU_0_CHB_15/chr11_116827019_117727019_sim_seed1.mutated.no_multiallelics.var_incl.list             --exclusion_list _NA
        
Activating singularity image ../shared/container/arg_inference_tools.sif
[Tue Dec  2 11:39:41 2025]
Error in rule pick_variants:
    jobid: 2
    output: /grid/siepel/home/khalid/argsortium-outputs/2025_11_27/HomSap_OutOfAfrica_3G09/YRI_0_CEU_0_CHB_15/chr11_116827019_117727019_sim_seed1.mutated.no_multiallelics.var_incl.list
    shell:
        
        python ./scripts/variant_selector.py             /grid/siepel/home/khalid/argsortium-outputs/2025_11_27/HomSap_OutOfAfrica_3G09/YRI_0_CEU_0_CHB_15/chr11_116827019_117727019_sim_seed1.mutated.no_multiallelics.afreq             /grid/siepel/home/khalid/argsortium-outputs/2025_11_27/HomSap_OutOfAfrica_3G09/YRI_0_CEU_0_CHB_15/chr11_116827019_117727019_sim_seed1.mutated.no_multiallelics.var_incl.list             --exclusion_list _NA
        
        (one of the commands exited with non-zero exit code; note that snakemake uses bash strict mode!)

Shutting down, this might take some time.
Exiting because a job execution failed. Look above for error message
Complete log: /grid/siepel/home/khalid/argsortium-inference/preprocessing/.snakemake/log/2025-12-02T113938.987553.snakemake.log
