Building DAG of jobs...
Using shell: /usr/bin/bash
Provided cores: 2
Rules claiming more threads will be scaled down.
Job counts:
	count	jobs
	1	all
	1	calculate_frequency
	1	final_filtering
	1	normalize_vcf
	1	pick_variants
	5

[Mon Dec  1 08:28:00 2025]
rule normalize_vcf:
    input: /grid/siepel/home/khalid/argsortium-outputs/2025_11_27/HomSap_OutOfAfrica_3G09/YRI_0_CEU_0_CHB_15/chr11_116827019_117727019_sim_seed1.mutated.vcf.gz
    output: /grid/siepel/home/khalid/argsortium-outputs/2025_11_27/HomSap_OutOfAfrica_3G09/YRI_0_CEU_0_CHB_15/chr11_116827019_117727019_sim_seed1.mutated.no_multiallelics.vcf.gz
    jobid: 3
    wildcards: output_dir=/grid/siepel/home/khalid/argsortium-outputs/2025_11_27/HomSap_OutOfAfrica_3G09/YRI_0_CEU_0_CHB_15, vcf=chr11_116827019_117727019_sim_seed1.mutated

[Mon Dec  1 08:28:01 2025]
Finished job 3.
1 of 5 steps (20%) done

[Mon Dec  1 08:28:01 2025]
rule calculate_frequency:
    input: /grid/siepel/home/khalid/argsortium-outputs/2025_11_27/HomSap_OutOfAfrica_3G09/YRI_0_CEU_0_CHB_15/chr11_116827019_117727019_sim_seed1.mutated.no_multiallelics.vcf.gz
    output: /grid/siepel/home/khalid/argsortium-outputs/2025_11_27/HomSap_OutOfAfrica_3G09/YRI_0_CEU_0_CHB_15/chr11_116827019_117727019_sim_seed1.mutated.no_multiallelics.afreq
    jobid: 4
    wildcards: output_dir=/grid/siepel/home/khalid/argsortium-outputs/2025_11_27/HomSap_OutOfAfrica_3G09/YRI_0_CEU_0_CHB_15, vcf=chr11_116827019_117727019_sim_seed1.mutated
    threads: 2


        plink2 --vcf /grid/siepel/home/khalid/argsortium-outputs/2025_11_27/HomSap_OutOfAfrica_3G09/YRI_0_CEU_0_CHB_15/chr11_116827019_117727019_sim_seed1.mutated.no_multiallelics.vcf.gz                --snps-only                --set-all-var-ids @:#:\$r:\$a                --freq                --out /grid/siepel/home/khalid/argsortium-outputs/2025_11_27/HomSap_OutOfAfrica_3G09/YRI_0_CEU_0_CHB_15/chr11_116827019_117727019_sim_seed1.mutated.no_multiallelics                --threads 2
        
Activating singularity image ../shared/container/arg_inference_tools.sif
[Mon Dec  1 08:28:01 2025]
Finished job 4.
2 of 5 steps (40%) done

[Mon Dec  1 08:28:01 2025]
rule pick_variants:
    input: /grid/siepel/home/khalid/argsortium-outputs/2025_11_27/HomSap_OutOfAfrica_3G09/YRI_0_CEU_0_CHB_15/chr11_116827019_117727019_sim_seed1.mutated.no_multiallelics.afreq
    output: /grid/siepel/home/khalid/argsortium-outputs/2025_11_27/HomSap_OutOfAfrica_3G09/YRI_0_CEU_0_CHB_15/chr11_116827019_117727019_sim_seed1.mutated.var_incl.list
    jobid: 2
    wildcards: output_dir=/grid/siepel/home/khalid/argsortium-outputs/2025_11_27/HomSap_OutOfAfrica_3G09/YRI_0_CEU_0_CHB_15, vcf=chr11_116827019_117727019_sim_seed1.mutated

python /grid/siepel/home/khalid/argsortium-inference/preprocessing/.snakemake/scripts/tmp64v897za.variant_selector.py
Activating singularity image ../shared/container/arg_inference_tools.sif
[Mon Dec  1 08:28:03 2025]
Error in rule pick_variants:
    jobid: 2
    output: /grid/siepel/home/khalid/argsortium-outputs/2025_11_27/HomSap_OutOfAfrica_3G09/YRI_0_CEU_0_CHB_15/chr11_116827019_117727019_sim_seed1.mutated.var_incl.list

RuleException:
CalledProcessError in line 84 of /grid/siepel/home/khalid/argsortium-inference/preprocessing/Snakefile:
Command ' singularity exec --home /grid/siepel/home/khalid/argsortium-inference/preprocessing  --bind /cm/local/apps/python37/lib/python3.7/site-packages:/mnt/snakemake ../shared/container/arg_inference_tools.sif bash -c 'set -euo pipefail;  python /grid/siepel/home/khalid/argsortium-inference/preprocessing/.snakemake/scripts/tmp64v897za.variant_selector.py'' returned non-zero exit status 1.
  File "/grid/siepel/home/khalid/argsortium-inference/preprocessing/Snakefile", line 84, in __rule_pick_variants
  File "/cm/local/apps/python37/lib/python3.7/concurrent/futures/thread.py", line 57, in run
Shutting down, this might take some time.
Exiting because a job execution failed. Look above for error message
Complete log: /grid/siepel/home/khalid/argsortium-inference/preprocessing/.snakemake/log/2025-12-01T082800.506359.snakemake.log
